<?xml version="1.0" encoding="UTF-8"?>
<!-- Generated by org.testng.reporters.JUnitReportReporter -->
<testsuite skipped="0" hostname="zalena" name="com.weightwatcher.testcases.HomeTest" tests="1" failures="0" timestamp="24 Jan 2019 20:37:53 GMT" time="19.211" errors="0">
  <testcase name="setup" time="19.211" classname="com.weightwatcher.testcases.HomeTest"/>
</testsuite> <!-- com.weightwatcher.testcases.HomeTest -->
