<?xml version="1.0" encoding="UTF-8"?>
<!-- Generated by org.testng.reporters.JUnitReportReporter -->
<testsuite skipped="0" hostname="zalena" name="com.weightwatcher.uat.WW.HomeTest" tests="1" failures="0" timestamp="24 Jan 2019 20:36:23 GMT" time="19.423" errors="0">
  <testcase name="setup" time="19.423" classname="com.weightwatcher.uat.WW.HomeTest"/>
</testsuite> <!-- com.weightwatcher.uat.WW.HomeTest -->
